Arguments: 
  /Users/cony_fernandez/.nvm/versions/node/v16.19.1/bin/node /usr/local/Cellar/yarn/1.22.19/libexec/bin/yarn.js add -D nodemon

PATH: 
  /Users/cony_fernandez/.rvm/gems/ruby-2.6.6/bin:/Users/cony_fernandez/.rvm/gems/ruby-2.6.6@global/bin:/Users/cony_fernandez/.rvm/rubies/ruby-2.6.6/bin:/Users/cony_fernandez/.nvm/versions/node/v16.19.1/bin:/usr/local/bin:/usr/bin:/bin:/usr/sbin:/sbin:/Users/cony_fernandez/.rvm/gems/ruby-2.6.6/bin:/Users/cony_fernandez/.rvm/gems/ruby-2.6.6@global/bin:/Users/cony_fernandez/.rvm/rubies/ruby-2.6.6/bin:/Library/Frameworks/Python.framework/Versions/3.8/bin:/Library/Frameworks/Python.framework/Versions/3.7/bin:/Users/cony_fernandez/.rvm/bin:/Users/cony_fernandez/.rvm/bin

Yarn version: 
  1.22.19

Node version: 
  16.19.1

Platform: 
  darwin x64

Trace: 
  SyntaxError: /Users/cony_fernandez/Desktop/proyecto-g05/package.json: Unexpected token } in JSON at position 307
      at JSON.parse (<anonymous>)
      at /usr/local/Cellar/yarn/1.22.19/libexec/lib/cli.js:1629:59
      at Generator.next (<anonymous>)
      at step (/usr/local/Cellar/yarn/1.22.19/libexec/lib/cli.js:310:30)
      at /usr/local/Cellar/yarn/1.22.19/libexec/lib/cli.js:321:13

npm manifest: 
  {
    "name": "proyecto-g05",
    "version": "1.0.0",
    "main": "index.js",
    "repository": "https://github.com/IIC3103/proyecto-g05.git",
    "author": "Constanza Fernandez <constanza.fern@uc.cl>",
    "license": "MIT",
    "dependencies": {
      "cors": "^2.8.5"
    },
    "scripts": {
      "dev": "nodemon index.js",
    }
  }

yarn manifest: 
  No manifest

Lockfile: 
  # THIS IS AN AUTOGENERATED FILE. DO NOT EDIT THIS FILE DIRECTLY.
  # yarn lockfile v1
  
  
  cors@^2.8.5:
    version "2.8.5"
    resolved "https://registry.yarnpkg.com/cors/-/cors-2.8.5.tgz#eac11da51592dd86b9f06f6e7ac293b3df875d29"
    integrity sha512-KIHbLJqu73RGr/hnbrO9uBeixNGuvSQjul/jdFvS/KFSIH1hWVd1ng7zOHx+YrEfInLG7q4n6GHQ9cDtxv/P6g==
    dependencies:
      object-assign "^4"
      vary "^1"
  
  object-assign@^4:
    version "4.1.1"
    resolved "https://registry.yarnpkg.com/object-assign/-/object-assign-4.1.1.tgz#2109adc7965887cfc05cbbd442cac8bfbb360863"
    integrity sha512-rJgTQnkUnH1sFw8yT6VSU3zD3sWmu6sZhIseY8VX+GRu3P6F7Fu+JNDoXfklElbLJSnc3FUQHVe4cU5hj+BcUg==
  
  vary@^1:
    version "1.1.2"
    resolved "https://registry.yarnpkg.com/vary/-/vary-1.1.2.tgz#2299f02c6ded30d4a5961b0b9f74524a18f634fc"
    integrity sha512-BNGbWLfd0eUPabhkXUVm0j8uuvREyTh5ovRa/dyow/BqAbZJyC+5fU+IzQOzmAKzYqYRAISoRhdQr3eIZ/PXqg==
